<?xml version="1.0" encoding="UTF-8"?>
<!-- Generated by org.testng.reporters.JUnitReportReporter -->
<testsuite skipped="0" hostname="MYPC" name="com.demo.SavingJobsTest" tests="1" failures="0" timestamp="19 May 2020 20:23:27 GMT" time="110.742" errors="0">
  <testcase name="jobSeekersCanSaveTheJobsTheyAreInterestedIn" time="110.742" classname="com.demo.SavingJobsTest"/>
</testsuite> <!-- com.demo.SavingJobsTest -->
